<?xml version="1.0" encoding="UTF-8"?>
<testsuites>
    <testsuite name="criar-conta-na-plataforma-de-avaliação-de-usabilidade-de-software;criar-conta-válida" tests="7" failures="0" skipped="0">
        <properties>
            <property name="@conta" value="true">
            </property>
            <property name="URI" value="C:/Users/ASPIRE5/Documents/TAC/features/conta.feature">
            </property>
        </properties>
        <testcase name="Dado que um usuário ainda não tem cadastro" classname="criar-conta-na-plataforma-de-avaliação-de-usabilidade-de-software;criar-conta-válida" time="5.3150536">
        </testcase>
        <testcase name="Quando fornece nome &quot;Rodrigo&quot;" classname="criar-conta-na-plataforma-de-avaliação-de-usabilidade-de-software;criar-conta-válida" time="0.2413738">
        </testcase>
        <testcase name="E fornece telefone &quot;62-9999-9999&quot;" classname="criar-conta-na-plataforma-de-avaliação-de-usabilidade-de-software;criar-conta-válida" time="0.2159171">
        </testcase>
        <testcase name="E fornece tipo &quot;Engenheiro de Software&quot;" classname="criar-conta-na-plataforma-de-avaliação-de-usabilidade-de-software;criar-conta-válida" time="0.2478452">
        </testcase>
        <testcase name="E fornece email &quot;rodrigo@teste.com.br&quot;" classname="criar-conta-na-plataforma-de-avaliação-de-usabilidade-de-software;criar-conta-válida" time="0.1819555">
        </testcase>
        <testcase name="E fornece senha &quot;123&quot;" classname="criar-conta-na-plataforma-de-avaliação-de-usabilidade-de-software;criar-conta-válida" time="0.1377781">
        </testcase>
        <testcase name="Então é exibida mensagem &quot;Usuário cadastrado com sucesso&quot;" classname="criar-conta-na-plataforma-de-avaliação-de-usabilidade-de-software;criar-conta-válida" time="0.2888938">
        </testcase>
    </testsuite>
    <testsuite name="criar-conta-na-plataforma-de-avaliação-de-usabilidade-de-software;conta-existente" tests="4" failures="0" skipped="4">
        <properties>
            <property name="@conta" value="true">
            </property>
            <property name="URI" value="C:/Users/ASPIRE5/Documents/TAC/features/conta.feature">
            </property>
        </properties>
        <testcase name="Dado um usuário que tem conta" classname="criar-conta-na-plataforma-de-avaliação-de-usabilidade-de-software;conta-existente">
            <skipped message="">
            </skipped>
        </testcase>
        <testcase name="Quando os dados forem preenchidos." classname="criar-conta-na-plataforma-de-avaliação-de-usabilidade-de-software;conta-existente">
            <skipped message="">
            </skipped>
        </testcase>
        <testcase name="E email existente" classname="criar-conta-na-plataforma-de-avaliação-de-usabilidade-de-software;conta-existente">
            <skipped message="">
            </skipped>
        </testcase>
        <testcase name="Então é exibida mensagem &quot;Usuário já é cadastrado.&quot;" classname="criar-conta-na-plataforma-de-avaliação-de-usabilidade-de-software;conta-existente">
            <skipped message="">
            </skipped>
        </testcase>
    </testsuite>
    <testsuite name="criar-conta-na-plataforma-de-avaliação-de-usabilidade-de-software;dados-ausentes" tests="4" failures="0" skipped="4">
        <properties>
            <property name="@conta" value="true">
            </property>
            <property name="URI" value="C:/Users/ASPIRE5/Documents/TAC/features/conta.feature">
            </property>
        </properties>
        <testcase name="Dado que um usuário não preenche as informações para criação de conta" classname="criar-conta-na-plataforma-de-avaliação-de-usabilidade-de-software;dados-ausentes">
            <skipped message="">
            </skipped>
        </testcase>
        <testcase name="E que o Usuario não possui uma conta." classname="criar-conta-na-plataforma-de-avaliação-de-usabilidade-de-software;dados-ausentes">
            <skipped message="">
            </skipped>
        </testcase>
        <testcase name="Quando campo obrigatório não é preenchido" classname="criar-conta-na-plataforma-de-avaliação-de-usabilidade-de-software;dados-ausentes">
            <skipped message="">
            </skipped>
        </testcase>
        <testcase name="Então é exibida mnensagem &quot;Campo obrigatório&quot;" classname="criar-conta-na-plataforma-de-avaliação-de-usabilidade-de-software;dados-ausentes">
            <skipped message="">
            </skipped>
        </testcase>
    </testsuite>
</testsuites>