<?xml version="1.0" encoding="UTF-8"?>
<testsuites>
    <testsuite name="criar-conta-na-plataforma-de-avaliação-de-usabilidade-de-software;criar-conta-válida" tests="8" failures="0" skipped="8">
        <properties>
            <property name="@conta" value="true">
            </property>
            <property name="URI" value="C:/Users/Rodrigo/Documents/TAC/features/conta.feature">
            </property>
        </properties>
        <testcase name="Dado que um usuário ainda não tem cadastro" classname="criar-conta-na-plataforma-de-avaliação-de-usabilidade-de-software;criar-conta-válida">
            <skipped message="">
            </skipped>
        </testcase>
        <testcase name="E que o “Engenheiro de Software” não possui uma conta." classname="criar-conta-na-plataforma-de-avaliação-de-usabilidade-de-software;criar-conta-válida">
            <skipped message="">
            </skipped>
        </testcase>
        <testcase name="Quando fornece &lt;name&gt;" classname="criar-conta-na-plataforma-de-avaliação-de-usabilidade-de-software;criar-conta-válida">
            <skipped message="">
            </skipped>
        </testcase>
        <testcase name="E fornece &lt;fone&gt;" classname="criar-conta-na-plataforma-de-avaliação-de-usabilidade-de-software;criar-conta-válida">
            <skipped message="">
            </skipped>
        </testcase>
        <testcase name="E fornece &lt;tipo&gt;" classname="criar-conta-na-plataforma-de-avaliação-de-usabilidade-de-software;criar-conta-válida">
            <skipped message="">
            </skipped>
        </testcase>
        <testcase name="E fornece &lt;email&gt;" classname="criar-conta-na-plataforma-de-avaliação-de-usabilidade-de-software;criar-conta-válida">
            <skipped message="">
            </skipped>
        </testcase>
        <testcase name="E fornece &lt;password&gt;" classname="criar-conta-na-plataforma-de-avaliação-de-usabilidade-de-software;criar-conta-válida">
            <skipped message="">
            </skipped>
        </testcase>
        <testcase name="Então é exibida mnensagem &quot;Usuário cadastrado com sucesso&quot;" classname="criar-conta-na-plataforma-de-avaliação-de-usabilidade-de-software;criar-conta-válida">
            <skipped message="">
            </skipped>
        </testcase>
    </testsuite>
    <testsuite name="criar-conta-na-plataforma-de-avaliação-de-usabilidade-de-software;conta-existente" tests="4" failures="0" skipped="4">
        <properties>
            <property name="@conta" value="true">
            </property>
            <property name="URI" value="C:/Users/Rodrigo/Documents/TAC/features/conta.feature">
            </property>
        </properties>
        <testcase name="Dado um usuário que tem conta" classname="criar-conta-na-plataforma-de-avaliação-de-usabilidade-de-software;conta-existente">
            <skipped message="">
            </skipped>
        </testcase>
        <testcase name="Quando os dados forem preenchidos." classname="criar-conta-na-plataforma-de-avaliação-de-usabilidade-de-software;conta-existente">
            <skipped message="">
            </skipped>
        </testcase>
        <testcase name="E &lt;email&gt; existente" classname="criar-conta-na-plataforma-de-avaliação-de-usabilidade-de-software;conta-existente">
            <skipped message="">
            </skipped>
        </testcase>
        <testcase name="Então é exibida mensagem &quot;Usuário já é cadastrado.&quot;" classname="criar-conta-na-plataforma-de-avaliação-de-usabilidade-de-software;conta-existente">
            <skipped message="">
            </skipped>
        </testcase>
    </testsuite>
    <testsuite name="criar-conta-na-plataforma-de-avaliação-de-usabilidade-de-software;dados-ausentes" tests="4" failures="0" skipped="4">
        <properties>
            <property name="@conta" value="true">
            </property>
            <property name="URI" value="C:/Users/Rodrigo/Documents/TAC/features/conta.feature">
            </property>
        </properties>
        <testcase name="Dado que um usuário não preenche as informações para criação de conta" classname="criar-conta-na-plataforma-de-avaliação-de-usabilidade-de-software;dados-ausentes">
            <skipped message="">
            </skipped>
        </testcase>
        <testcase name="E que o Usuario não possui uma conta." classname="criar-conta-na-plataforma-de-avaliação-de-usabilidade-de-software;dados-ausentes">
            <skipped message="">
            </skipped>
        </testcase>
        <testcase name="Quando campo obrigatório não é preenchido" classname="criar-conta-na-plataforma-de-avaliação-de-usabilidade-de-software;dados-ausentes">
            <skipped message="">
            </skipped>
        </testcase>
        <testcase name="Então é exibida mnensagem &quot;Campo obrigatório&quot;" classname="criar-conta-na-plataforma-de-avaliação-de-usabilidade-de-software;dados-ausentes">
            <skipped message="">
            </skipped>
        </testcase>
    </testsuite>
    <testsuite name="gerar-relatório-de-usabilidade;gerar-relatório" tests="6" failures="0" skipped="6">
        <properties>
            <property name="@gerar_relatorio" value="true">
            </property>
            <property name="URI" value="C:/Users/Rodrigo/Documents/TAC/features/gerar-relatorio.feature">
            </property>
        </properties>
        <testcase name="Dado que o Engenheiro de Software tenha avaliação de usabilidade cadastrada." classname="gerar-relatório-de-usabilidade;gerar-relatório">
            <skipped message="">
            </skipped>
        </testcase>
        <testcase name="E que esteja logado" classname="gerar-relatório-de-usabilidade;gerar-relatório">
            <skipped message="">
            </skipped>
        </testcase>
        <testcase name="Quando a avaliação estiver finalizada" classname="gerar-relatório-de-usabilidade;gerar-relatório">
            <skipped message="">
            </skipped>
        </testcase>
        <testcase name="E o Engenheiro de Software clicar no botão Gerar relatório" classname="gerar-relatório-de-usabilidade;gerar-relatório">
            <skipped message="">
            </skipped>
        </testcase>
        <testcase name="Então o relatório é gerado" classname="gerar-relatório-de-usabilidade;gerar-relatório">
            <skipped message="">
            </skipped>
        </testcase>
        <testcase name="E relatório é exibido" classname="gerar-relatório-de-usabilidade;gerar-relatório">
            <skipped message="">
            </skipped>
        </testcase>
    </testsuite>
    <testsuite name="searching-for-vote-cards-app;google-search-for-vote-cards-app" tests="2" failures="0" skipped="0">
        <properties>
            <property name="@search" value="true">
            </property>
            <property name="URI" value="C:/Users/Rodrigo/Documents/TAC/features/google-search.feature">
            </property>
        </properties>
        <testcase name="When I search Google for &quot;Pontos turisticos em goiânia&quot;" classname="searching-for-vote-cards-app;google-search-for-vote-cards-app" time="4.249885601">
        </testcase>
        <testcase name="Then I should see some results" classname="searching-for-vote-cards-app;google-search-for-vote-cards-app" time="0.7513856">
        </testcase>
    </testsuite>
    <testsuite name="searching-for-vote-cards-app;i-should-see-some-results" tests="2" failures="0" skipped="0">
        <properties>
            <property name="@search" value="true">
            </property>
            <property name="URI" value="C:/Users/Rodrigo/Documents/TAC/features/google-search.feature">
            </property>
        </properties>
        <testcase name="When I type query as &quot;Teste&quot;" classname="searching-for-vote-cards-app;i-should-see-some-results" time="3.911330999">
        </testcase>
        <testcase name="Then I submit" classname="searching-for-vote-cards-app;i-should-see-some-results" time="0.725078001">
        </testcase>
    </testsuite>
    <testsuite name="logar-na-plataforma-de-avaliação-de-usabilidade-de-software;login-válido" tests="7" failures="0" skipped="7">
        <properties>
            <property name="@login" value="true">
            </property>
            <property name="URI" value="C:/Users/Rodrigo/Documents/TAC/features/login.feature">
            </property>
        </properties>
        <testcase name="Dado que o Engenheiro de Software possui uma conta" classname="logar-na-plataforma-de-avaliação-de-usabilidade-de-software;login-válido">
            <skipped message="">
            </skipped>
        </testcase>
        <testcase name="E o usuário que forneça &lt;email&gt;" classname="logar-na-plataforma-de-avaliação-de-usabilidade-de-software;login-válido">
            <skipped message="">
            </skipped>
        </testcase>
        <testcase name="E forneça &lt;password&gt;" classname="logar-na-plataforma-de-avaliação-de-usabilidade-de-software;login-válido">
            <skipped message="">
            </skipped>
        </testcase>
        <testcase name="Quando dados &lt;email&gt;" classname="logar-na-plataforma-de-avaliação-de-usabilidade-de-software;login-válido">
            <skipped message="">
            </skipped>
        </testcase>
        <testcase name="E &lt;password&gt; são válidos" classname="logar-na-plataforma-de-avaliação-de-usabilidade-de-software;login-válido">
            <skipped message="">
            </skipped>
        </testcase>
        <testcase name="Então o sistema deve permitir a autenticação do usuário" classname="logar-na-plataforma-de-avaliação-de-usabilidade-de-software;login-válido">
            <skipped message="">
            </skipped>
        </testcase>
        <testcase name="E é exibida mensagem &quot;Usuario logado&quot;" classname="logar-na-plataforma-de-avaliação-de-usabilidade-de-software;login-válido">
            <skipped message="">
            </skipped>
        </testcase>
    </testsuite>
    <testsuite name="logar-na-plataforma-de-avaliação-de-usabilidade-de-software;login-inválido" tests="6" failures="0" skipped="6">
        <properties>
            <property name="@login" value="true">
            </property>
            <property name="URI" value="C:/Users/Rodrigo/Documents/TAC/features/login.feature">
            </property>
        </properties>
        <testcase name="Dado que o Engenheiro de Software possui uma conta" classname="logar-na-plataforma-de-avaliação-de-usabilidade-de-software;login-inválido">
            <skipped message="">
            </skipped>
        </testcase>
        <testcase name="E o usuário que forneça &lt;email&gt;" classname="logar-na-plataforma-de-avaliação-de-usabilidade-de-software;login-inválido">
            <skipped message="">
            </skipped>
        </testcase>
        <testcase name="E forneça &lt;password&gt;" classname="logar-na-plataforma-de-avaliação-de-usabilidade-de-software;login-inválido">
            <skipped message="">
            </skipped>
        </testcase>
        <testcase name="Quando dados &lt;email&gt;" classname="logar-na-plataforma-de-avaliação-de-usabilidade-de-software;login-inválido">
            <skipped message="">
            </skipped>
        </testcase>
        <testcase name="E &lt;password&gt; são inválidos" classname="logar-na-plataforma-de-avaliação-de-usabilidade-de-software;login-inválido">
            <skipped message="">
            </skipped>
        </testcase>
        <testcase name="Então exibir mensagem &quot;Usuário ou senha incorreta&quot;" classname="logar-na-plataforma-de-avaliação-de-usabilidade-de-software;login-inválido">
            <skipped message="">
            </skipped>
        </testcase>
    </testsuite>
    <testsuite name="logar-na-plataforma-de-avaliação-de-usabilidade-de-software;login-de-usuário-não-registrado" tests="5" failures="0" skipped="5">
        <properties>
            <property name="@login" value="true">
            </property>
            <property name="URI" value="C:/Users/Rodrigo/Documents/TAC/features/login.feature">
            </property>
        </properties>
        <testcase name="Dado que o Engenheiro de Software possui uma conta" classname="logar-na-plataforma-de-avaliação-de-usabilidade-de-software;login-de-usuário-não-registrado">
            <skipped message="">
            </skipped>
        </testcase>
        <testcase name="E o usuário que forneça &lt;email&gt;" classname="logar-na-plataforma-de-avaliação-de-usabilidade-de-software;login-de-usuário-não-registrado">
            <skipped message="">
            </skipped>
        </testcase>
        <testcase name="E forneça &lt;password&gt;" classname="logar-na-plataforma-de-avaliação-de-usabilidade-de-software;login-de-usuário-não-registrado">
            <skipped message="">
            </skipped>
        </testcase>
        <testcase name="Quando dados &lt;email&gt; não é valido" classname="logar-na-plataforma-de-avaliação-de-usabilidade-de-software;login-de-usuário-não-registrado">
            <skipped message="">
            </skipped>
        </testcase>
        <testcase name="Então exibir mensagem &quot;Não registrado&quot;" classname="logar-na-plataforma-de-avaliação-de-usabilidade-de-software;login-de-usuário-não-registrado">
            <skipped message="">
            </skipped>
        </testcase>
    </testsuite>
    <testsuite name="criar-avaliação-de-usabilidade;criar-avaliação" tests="7" failures="0" skipped="7">
        <properties>
            <property name="@pesquisa" value="true">
            </property>
            <property name="URI" value="C:/Users/Rodrigo/Documents/TAC/features/pesquisa.feature">
            </property>
        </properties>
        <testcase name="Dado que o Engenheiro de Software tenha acesso a tela de login" classname="criar-avaliação-de-usabilidade;criar-avaliação">
            <skipped message="">
            </skipped>
        </testcase>
        <testcase name="E que um usuário esteja logado." classname="criar-avaliação-de-usabilidade;criar-avaliação">
            <skipped message="">
            </skipped>
        </testcase>
        <testcase name="Quando o &lt;name&gt; da avaliação é preenchido" classname="criar-avaliação-de-usabilidade;criar-avaliação">
            <skipped message="">
            </skipped>
        </testcase>
        <testcase name="E a &lt;descricao&gt; é preenchida" classname="criar-avaliação-de-usabilidade;criar-avaliação">
            <skipped message="">
            </skipped>
        </testcase>
        <testcase name="E o &lt;tcle&gt; é preenchido" classname="criar-avaliação-de-usabilidade;criar-avaliação">
            <skipped message="">
            </skipped>
        </testcase>
        <testcase name="E o &lt;status&gt; é preenchido" classname="criar-avaliação-de-usabilidade;criar-avaliação">
            <skipped message="">
            </skipped>
        </testcase>
        <testcase name="Então a pesquisa é criada" classname="criar-avaliação-de-usabilidade;criar-avaliação">
            <skipped message="">
            </skipped>
        </testcase>
    </testsuite>
    <testsuite name="preencher-avaliação;avaliar" tests="5" failures="0" skipped="5">
        <properties>
            <property name="@avaliar" value="true">
            </property>
            <property name="URI" value="C:/Users/Rodrigo/Documents/TAC/features/preencher-avaliacao.feature">
            </property>
        </properties>
        <testcase name="Dado que o Usuário possua conta" classname="preencher-avaliação;avaliar">
            <skipped message="">
            </skipped>
        </testcase>
        <testcase name="E que esteja logado" classname="preencher-avaliação;avaliar">
            <skipped message="">
            </skipped>
        </testcase>
        <testcase name="Quando as respostas estiverem preenchidas" classname="preencher-avaliação;avaliar">
            <skipped message="">
            </skipped>
        </testcase>
        <testcase name="E o usuário clica no botão enviar" classname="preencher-avaliação;avaliar">
            <skipped message="">
            </skipped>
        </testcase>
        <testcase name="Então é exibida a mensagem &quot;Avaliação realizada com sucesso&quot;" classname="preencher-avaliação;avaliar">
            <skipped message="">
            </skipped>
        </testcase>
    </testsuite>
</testsuites>